[2026-04-05 00:25:47] [INFO] Pipeline BAAC démarré — année cible : 2019 
[2026-04-05 00:25:47] [INFO] Dossier données : C:/Users/emman/Documents/mon_projet_rhino/CrashAlert/donnees 
[2026-04-05 00:25:47] [INFO] Dossier output  : C:/Users/emman/Documents/mon_projet_rhino/CrashAlert/data_pipeline 
[2026-04-05 00:25:48] [INFO] === 03_fusion.R — début === 
[2026-04-05 00:25:48] [INFO] Agrégation des usagers par accident... 
[2026-04-05 00:25:49] [INFO] gravite_par_accident : 58840 accidents agrégés 
[2026-04-05 00:25:49] [INFO] Distribution gravité : Grave=17937 | Léger=37619 | Mortel=3284 
[2026-04-05 00:25:49] [INFO] Calcul du profil usager dominant par accident... 
[2026-04-05 00:26:25] [INFO] profil_usager : 58840 accidents avec profil calculé 
[2026-04-05 00:26:25] [INFO] Calcul de la catégorie véhicule dominante par accident... 
[2026-04-05 00:26:32] [INFO] profil_vehicule : 58840 accidents avec catégorie calculée 
[2026-04-05 00:26:32] [INFO] Fusion des 4 tables au niveau accident... 
[2026-04-05 00:26:33] [INFO] Base fusionnée : 58840 accidents, 55 colonnes 
[2026-04-05 00:26:33] [INFO] Accidents sans données lieux    : 0 (0.0%) 
[2026-04-05 00:26:33] [INFO] Accidents sans gravité          : 0 (0.0%) 
[2026-04-05 00:26:33] [INFO] Accidents sans usagers          : 0 (0.0%) 
[2026-04-05 00:26:33] [INFO] Accidents sans catégorie véhic. : 0 (0.0%) 
[2026-04-05 00:26:33] [INFO] === 03_fusion.R — terminé === 
[2026-04-05 00:26:33] [INFO] === 04_enrichissement.R — début === 
[2026-04-05 00:26:33] [INFO] Création des variables temporelles... 
[2026-04-05 00:26:34] [INFO] Variables temporelles créées 
[2026-04-05 00:26:34] [INFO] Ajout des labels BAAC... 
[2026-04-05 00:26:35] [INFO] Labels ajoutés : lum_label, atm_label, col_label, catr_label, surf_label 
[2026-04-05 00:26:35] [INFO] Ajout des noms de département et région... 
[2026-04-05 00:26:35] [INFO] Région : 2824 accidents sans région (4.8%) 
[2026-04-05 00:26:35] [INFO] Régions distinctes : 14 
[2026-04-05 00:26:35] [INFO] Filtrage final... 
[2026-04-05 00:26:35] [INFO] Filtrage : 58840 → 58840 accidents (-0 supprimés) 
[2026-04-05 00:26:36] [INFO] === 04_enrichissement.R — terminé === 
