[2026-04-04 22:20:30] [INFO] Pipeline BAAC démarré — année cible : 2024 
[2026-04-04 22:20:30] [INFO] Dossier données : C:/Users/emman/Documents/mon_projet_rhino/CrashAlert/donnees 
[2026-04-04 22:20:30] [INFO] Dossier output  : C:/Users/emman/Documents/mon_projet_rhino/CrashAlert/data_pipeline 
[2026-04-04 22:20:30] [INFO] === 03_fusion.R — début === 
[2026-04-04 22:20:30] [INFO] Agrégation des usagers par accident... 
[2026-04-04 22:20:32] [INFO] gravite_par_accident : 54402 accidents agrégés 
[2026-04-04 22:20:32] [INFO] Distribution gravité : Blessé hospitalisé=16432 | Blessé léger=34744 | Mortel=3226 
[2026-04-04 22:20:32] [INFO] Calcul du profil usager dominant par accident... 
[2026-04-04 22:26:00] [INFO] === 03_fusion.R — début === 
[2026-04-04 22:26:00] [INFO] Agrégation des usagers par accident... 
[2026-04-04 22:26:02] [INFO] gravite_par_accident : 54402 accidents agrégés 
[2026-04-04 22:26:02] [INFO] Distribution gravité : Blessé hospitalisé=16432 | Blessé léger=34744 | Mortel=3226 
[2026-04-04 22:26:03] [INFO] Calcul du profil usager dominant par accident... 
[2026-04-04 22:26:53] [INFO] profil_usager : 54402 accidents avec profil calculé 
[2026-04-04 22:26:53] [INFO] Calcul de la catégorie véhicule dominante par accident... 
[2026-04-04 22:27:03] [INFO] profil_vehicule : 54402 accidents avec catégorie calculée 
[2026-04-04 22:27:03] [INFO] Fusion des 4 tables au niveau accident... 
[2026-04-04 22:27:03] [INFO] Base fusionnée : 54402 accidents, 55 colonnes 
[2026-04-04 22:27:03] [INFO] Accidents sans données lieux    : 0 (0.0%) 
[2026-04-04 22:27:03] [INFO] Accidents sans gravité          : 0 (0.0%) 
[2026-04-04 22:27:03] [INFO] Accidents sans usagers          : 0 (0.0%) 
[2026-04-04 22:27:03] [INFO] Accidents sans catégorie véhic. : 0 (0.0%) 
[2026-04-04 22:27:05] [INFO] === 03_fusion.R — terminé === 
[2026-04-04 22:27:05] [INFO] === 04_enrichissement.R — début === 
[2026-04-04 22:27:05] [INFO] Création des variables temporelles... 
[2026-04-04 22:29:49] [INFO] === 04_enrichissement.R — début === 
[2026-04-04 22:29:49] [INFO] Création des variables temporelles... 
[2026-04-04 22:29:50] [INFO] Variables temporelles créées 
[2026-04-04 22:29:50] [INFO] Ajout des labels BAAC... 
[2026-04-04 22:29:51] [INFO] Labels ajoutés : lum_label, atm_label, col_label, catr_label, surf_label 
[2026-04-04 22:29:51] [INFO] Ajout des noms de département et région... 
[2026-04-04 22:29:51] [INFO] Région : 3344 accidents sans région (6.1%) 
[2026-04-04 22:29:51] [INFO] Régions distinctes : 14 
[2026-04-04 22:29:51] [INFO] Filtrage final... 
[2026-04-04 22:29:51] [INFO] Filtrage : 54402 → 54402 accidents (-0 supprimés) 
[2026-04-04 22:29:53] [INFO] === 04_enrichissement.R — terminé === 
[2026-04-04 22:29:53] [INFO] === 05_export.R — début === 
[2026-04-04 22:29:53] [INFO] Sauvegarde archive année 2024... 
[2026-04-04 22:29:54] [INFO] Archive : 54402 accidents, 66 colonnes 
[2026-04-04 22:29:54] [INFO] Concaténation de toutes les années disponibles... 
[2026-04-04 22:29:54] [INFO] Archives trouvées : accidents_2024.rds 
[2026-04-04 22:29:55] [INFO]   Chargement accidents_2024.rds : 54402 lignes 
[2026-04-04 22:29:55] [INFO] Base consolidée : 54402 accidents sur 1 années 
[2026-04-04 22:29:55] [INFO] Création de accidents_dashboard.rds... 
[2026-04-04 22:29:55] [WARN] Colonnes absentes du dashboard : type_route 
[2026-04-04 22:29:55] [INFO] accidents_dashboard : 54402 lignes × 24 colonnes — 10.2 MB RAM 
[2026-04-04 22:29:59] [INFO] accidents_dashboard.rds sauvegardé 
[2026-04-04 22:29:59] [INFO] Création de accidents_light.rds... 
[2026-04-04 22:29:59] [INFO] accidents_light : 54402 lignes × 30 colonnes — 11.4 MB RAM 
[2026-04-04 22:30:03] [INFO] accidents_light.rds sauvegardé 
[2026-04-04 22:30:03] [INFO] Création de filters.rds... 
[2026-04-04 22:30:04] [INFO] filters.rds : 98 départements, 1 années 
[2026-04-04 22:30:04] [INFO] === RAPPORT FINAL === 
[2026-04-04 22:30:04] [INFO] Années traitées     : 2024 
[2026-04-04 22:30:04] [INFO] Total accidents     : 54 402 
[2026-04-04 22:30:04] [INFO] accidents_dashboard : 10.2 MB RAM 
[2026-04-04 22:30:04] [INFO] accidents_light     : 11.4 MB RAM 
[2026-04-04 22:30:04] [INFO] Fichiers dans C:/Users/emman/Documents/mon_projet_rhino/CrashAlert/data_propre : 
[2026-04-04 22:30:04] [INFO]   accidents_dashboard.rds 
[2026-04-04 22:30:04] [INFO]   accidents_light.rds 
[2026-04-04 22:30:04] [INFO]   filters.rds 
[2026-04-04 22:30:04] [INFO] === 05_export.R — terminé === 
