[2026-04-04 22:14:40] [INFO] Pipeline BAAC démarré — année cible : 2024 
[2026-04-04 22:14:40] [INFO] Dossier données : C:/Users/emman/Documents/mon_projet_rhino/CrashAlert/donnees 
[2026-04-04 22:14:40] [INFO] Dossier output  : C:/Users/emman/Documents/mon_projet_rhino/CrashAlert/data_pipeline 
[2026-04-04 22:14:40] [INFO] Pipeline BAAC démarré — année cible : 2024 
[2026-04-04 22:14:40] [INFO] Dossier données : C:/Users/emman/Documents/mon_projet_rhino/CrashAlert/donnees 
[2026-04-04 22:14:40] [INFO] Dossier output  : C:/Users/emman/Documents/mon_projet_rhino/CrashAlert/data_pipeline 
[2026-04-04 22:14:41] [INFO] === 01_import.R — début === 
[2026-04-04 22:14:41] [INFO] Fichier 'caracteristiques' détecté : caracteristiques_2024.csv 
[2026-04-04 22:14:41] [INFO] Fichier 'lieux' détecté : lieux_2024.csv 
[2026-04-04 22:14:41] [INFO] Fichier 'usagers' détecté : usagers_2024.csv 
[2026-04-04 22:14:41] [INFO] Fichier 'vehicules' détecté : vehicules_2024.csv 
[2026-04-04 22:14:41] [INFO]   Lecture caracteristiques_2024.csv (séparateur ';') 
[2026-04-04 22:14:41] [INFO]   caracteristiques_2024.csv : 54402 lignes, 16 colonnes 
[2026-04-04 22:14:41] [INFO]   Lecture lieux_2024.csv (séparateur ';') 
[2026-04-04 22:14:41] [INFO]   lieux_2024.csv : 70248 lignes, 19 colonnes 
[2026-04-04 22:14:42] [INFO]   Lecture usagers_2024.csv (séparateur ';') 
[2026-04-04 22:14:42] [INFO]   usagers_2024.csv : 125187 lignes, 17 colonnes 
[2026-04-04 22:14:42] [INFO]   Lecture vehicules_2024.csv (séparateur ';') 
[2026-04-04 22:14:43] [INFO]   vehicules_2024.csv : 92678 lignes, 12 colonnes 
[2026-04-04 22:14:43] [INFO] --- Vérification des tables importées --- 
[2026-04-04 22:14:43] [INFO]   caracteristiques     : 54402 lignes | 54402 Num_Acc uniques | 0 NA sur clé 
[2026-04-04 22:14:43] [INFO]   lieux                : 70248 lignes | 54402 Num_Acc uniques | 0 NA sur clé 
[2026-04-04 22:14:43] [INFO]   usagers              : 125187 lignes | 54402 Num_Acc uniques | 0 NA sur clé 
[2026-04-04 22:14:43] [INFO]   vehicules            : 92678 lignes | 54402 Num_Acc uniques | 0 NA sur clé 
[2026-04-04 22:14:47] [INFO] === 01_import.R — terminé === 
[2026-04-04 22:14:47] [INFO] 01_import terminé en 6.3s 
[2026-04-04 22:14:47] [INFO] === 02_nettoyage.R — début === 
[2026-04-04 22:14:49] [INFO] Chaînes vides converties en NA sur les 4 tables 
[2026-04-04 22:14:49] [INFO] caracteristiques — années présentes : 2024 
[2026-04-04 22:14:49] [INFO] Types convertis pour lieux 
[2026-04-04 22:14:49] [INFO] Types convertis pour usagers 
[2026-04-04 22:14:49] [INFO] Types convertis pour vehicules 
[2026-04-04 22:14:50] [INFO] hrmn : 100% de valeurs valides 
[2026-04-04 22:14:50] [INFO] Coordonnées : 93.8% valides (plage France métropolitaine) 
[2026-04-04 22:14:50] [INFO] Département normalisé sur 2 caractères 
[2026-04-04 22:14:50] [INFO] Doublons lieux : 15645 accidents avec plusieurs lignes 
[2026-04-04 22:15:39] [INFO] Doublons résolus : 70248 → 54402 lignes (-15846) 
[2026-04-04 22:15:40] [INFO] Clés harmonisées en character sur les 4 tables 
[2026-04-04 22:15:40] [INFO] 'caracteristiques' : toutes les variables sous le seuil de 10% NA 
[2026-04-04 22:15:41] [WARN] Variables avec > 10% NA dans 'lieux' : 
[2026-04-04 22:15:41] [WARN]   lartpc                         : 99.9% 
[2026-04-04 22:15:41] [INFO] 'usagers' : toutes les variables sous le seuil de 10% NA 
[2026-04-04 22:15:41] [WARN] Variables avec > 10% NA dans 'vehicules' : 
[2026-04-04 22:15:41] [WARN]   occutc                         : 99% 
[2026-04-04 22:15:44] [INFO] === 02_nettoyage.R — terminé === 
[2026-04-04 22:15:44] [INFO] 02_nettoyage terminé en 56.9s 
[2026-04-04 22:15:44] [INFO] === 03_fusion.R — début === 
[2026-04-04 22:15:44] [INFO] Agrégation des usagers par accident... 
[2026-04-04 22:15:45] [INFO] gravite_par_accident : 54402 accidents agrégés 
[2026-04-04 22:15:45] [INFO] Distribution gravité : Blessé hospitalisé=16432 | Blessé léger=34744 | Mortel=3226 
[2026-04-04 22:15:45] [INFO] Calcul du profil usager dominant par accident... 
[2026-04-04 22:15:45] [ERROR] ERREUR dans 03_fusion : [38;5;232m[36mℹ[38;5;232m In argument: `age =
  suppressWarnings(as.numeric(an) -
  as.numeric(an_nais))`.[39m
[1mCaused by error:[22m
[33m![39m objet 'an' introuvable 
