[2026-04-04 22:51:34] [INFO] Pipeline BAAC démarré — année cible : 2021 
[2026-04-04 22:51:34] [INFO] Dossier données : C:/Users/emman/Documents/mon_projet_rhino/CrashAlert/donnees 
[2026-04-04 22:51:34] [INFO] Dossier output  : C:/Users/emman/Documents/mon_projet_rhino/CrashAlert/data_pipeline 
[2026-04-04 22:51:34] [INFO] === 01_import.R — début === 
[2026-04-04 22:51:34] [INFO] Fichier 'caracteristiques' détecté : caracteristiques_2021.csv 
[2026-04-04 22:51:34] [INFO] Fichier 'lieux' détecté : lieux_2021.csv 
[2026-04-04 22:51:34] [INFO] Fichier 'usagers' détecté : usagers_2021.csv 
[2026-04-04 22:51:34] [INFO] Fichier 'vehicules' détecté : vehicules_2021.csv 
[2026-04-04 22:51:34] [INFO]   Lecture caracteristiques_2021.csv (séparateur ';') 
[2026-04-04 22:51:34] [INFO]   caracteristiques_2021.csv : 56518 lignes, 16 colonnes 
[2026-04-04 22:51:34] [INFO]   Lecture lieux_2021.csv (séparateur ';') 
[2026-04-04 22:51:34] [INFO]   lieux_2021.csv : 56518 lignes, 19 colonnes 
[2026-04-04 22:51:34] [INFO]   Lecture usagers_2021.csv (séparateur ';') 
[2026-04-04 22:51:34] [INFO]   usagers_2021.csv : 129248 lignes, 17 colonnes 
[2026-04-04 22:51:34] [INFO]   Lecture vehicules_2021.csv (séparateur ';') 
[2026-04-04 22:51:35] [INFO]   vehicules_2021.csv : 97315 lignes, 12 colonnes 
[2026-04-04 22:51:35] [INFO] --- Vérification des tables importées --- 
[2026-04-04 22:51:35] [INFO]   caracteristiques     : 56518 lignes | 56518 Num_Acc uniques | 0 NA sur clé 
[2026-04-04 22:51:35] [INFO]   lieux                : 56518 lignes | 56518 Num_Acc uniques | 0 NA sur clé 
[2026-04-04 22:51:35] [INFO]   usagers              : 129248 lignes | 56518 Num_Acc uniques | 0 NA sur clé 
[2026-04-04 22:51:35] [INFO]   vehicules            : 97315 lignes | 56518 Num_Acc uniques | 0 NA sur clé 
[2026-04-04 22:51:37] [INFO] === 01_import.R — terminé === 
[2026-04-04 22:51:37] [INFO] 01_import terminé en 3.2s 
[2026-04-04 22:51:37] [INFO] === 02_nettoyage.R — début === 
[2026-04-04 22:51:40] [INFO] Chaînes vides converties en NA sur les 4 tables 
[2026-04-04 22:51:40] [INFO] caracteristiques — années présentes : 2021 
[2026-04-04 22:51:40] [INFO] Types convertis pour lieux 
[2026-04-04 22:51:40] [INFO] Types convertis pour usagers 
[2026-04-04 22:51:40] [INFO] Types convertis pour vehicules 
[2026-04-04 22:51:40] [INFO] hrmn : 100% de valeurs valides 
[2026-04-04 22:51:41] [INFO] Coordonnées : 94.7% valides (plage France métropolitaine) 
[2026-04-04 22:51:41] [INFO] Département normalisé sur 2 caractères 
[2026-04-04 22:51:41] [INFO] Aucun doublon détecté dans lieux 
[2026-04-04 22:51:42] [INFO] Clés harmonisées en character sur les 4 tables 
[2026-04-04 22:51:42] [INFO] 'caracteristiques' : toutes les variables sous le seuil de 10% NA 
[2026-04-04 22:51:42] [WARN] Variables avec > 10% NA dans 'lieux' : 
[2026-04-04 22:51:42] [WARN]   lartpc                         : 99.8% 
[2026-04-04 22:51:42] [INFO] 'usagers' : toutes les variables sous le seuil de 10% NA 
[2026-04-04 22:51:42] [WARN] Variables avec > 10% NA dans 'vehicules' : 
[2026-04-04 22:51:42] [WARN]   occutc                         : 99.2% 
[2026-04-04 22:51:44] [INFO] === 02_nettoyage.R — terminé === 
[2026-04-04 22:51:44] [INFO] 02_nettoyage terminé en 7.2s 
[2026-04-04 22:51:44] [INFO] === 03_fusion.R — début === 
[2026-04-04 22:51:44] [INFO] Agrégation des usagers par accident... 
[2026-04-04 22:51:45] [INFO] gravite_par_accident : 56518 accidents agrégés 
[2026-04-04 22:51:45] [INFO] Distribution gravité : Blessé hospitalisé=16521 | Blessé léger=36965 | Mortel=3032 
[2026-04-04 22:51:45] [INFO] Calcul du profil usager dominant par accident... 
[2026-04-04 22:52:30] [INFO] profil_usager : 56518 accidents avec profil calculé 
[2026-04-04 22:52:30] [INFO] Calcul de la catégorie véhicule dominante par accident... 
[2026-04-04 22:52:40] [INFO] profil_vehicule : 56518 accidents avec catégorie calculée 
[2026-04-04 22:52:40] [INFO] Fusion des 4 tables au niveau accident... 
[2026-04-04 22:52:40] [INFO] Base fusionnée : 56518 accidents, 55 colonnes 
[2026-04-04 22:52:40] [INFO] Accidents sans données lieux    : 0 (0.0%) 
[2026-04-04 22:52:40] [INFO] Accidents sans gravité          : 0 (0.0%) 
[2026-04-04 22:52:40] [INFO] Accidents sans usagers          : 0 (0.0%) 
[2026-04-04 22:52:40] [INFO] Accidents sans catégorie véhic. : 0 (0.0%) 
[2026-04-04 22:52:41] [INFO] === 03_fusion.R — terminé === 
[2026-04-04 22:52:41] [INFO] 03_fusion terminé en 57.2s 
[2026-04-04 22:52:41] [INFO] === 04_enrichissement.R — début === 
[2026-04-04 22:52:41] [INFO] Création des variables temporelles... 
[2026-04-04 22:52:42] [INFO] Variables temporelles créées 
[2026-04-04 22:52:42] [INFO] Ajout des labels BAAC... 
[2026-04-04 22:52:43] [INFO] Labels ajoutés : lum_label, atm_label, col_label, catr_label, surf_label 
[2026-04-04 22:52:43] [INFO] Ajout des noms de département et région... 
[2026-04-04 22:52:43] [INFO] Région : 2978 accidents sans région (5.3%) 
[2026-04-04 22:52:43] [INFO] Régions distinctes : 14 
[2026-04-04 22:52:43] [INFO] Filtrage final... 
[2026-04-04 22:52:43] [INFO] Filtrage : 56518 → 56518 accidents (-0 supprimés) 
[2026-04-04 22:52:44] [INFO] === 04_enrichissement.R — terminé === 
[2026-04-04 22:52:44] [INFO] 04_enrichissement terminé en 2.9s 
[2026-04-04 22:52:44] [INFO] === 05_export.R — début === 
[2026-04-04 22:52:44] [INFO] Sauvegarde archive année 2021... 
[2026-04-04 22:52:45] [INFO] Archive : 56518 accidents, 66 colonnes 
[2026-04-04 22:52:45] [INFO] Concaténation de toutes les années disponibles... 
[2026-04-04 22:52:45] [INFO] Archives trouvées : accidents_2015.rds, accidents_2016.rds, accidents_2017.rds, accidents_2018.rds, accidents_2019.rds, accidents_2020.rds, accidents_2021.rds, accidents_2024.rds 
[2026-04-04 22:52:46] [INFO]   Chargement accidents_2015.rds : 58654 lignes 
[2026-04-04 22:52:46] [INFO]   Chargement accidents_2016.rds : 59432 lignes 
[2026-04-04 22:52:47] [INFO]   Chargement accidents_2017.rds : 60701 lignes 
[2026-04-04 22:52:47] [INFO]   Chargement accidents_2018.rds : 57783 lignes 
[2026-04-04 22:52:48] [INFO]   Chargement accidents_2019.rds : 58840 lignes 
[2026-04-04 22:52:48] [INFO]   Chargement accidents_2020.rds : 47744 lignes 
[2026-04-04 22:52:49] [INFO]   Chargement accidents_2021.rds : 56518 lignes 
[2026-04-04 22:52:49] [INFO]   Chargement accidents_2024.rds : 54402 lignes 
[2026-04-04 22:52:50] [INFO] Base consolidée : 454074 accidents sur 8 années 
[2026-04-04 22:52:50] [INFO] Création de accidents_dashboard.rds... 
[2026-04-04 22:52:50] [WARN] Colonnes absentes du dashboard : type_route 
[2026-04-04 22:52:50] [INFO] accidents_dashboard : 454074 lignes × 24 colonnes — 84.9 MB RAM 
[2026-04-04 22:53:21] [INFO] accidents_dashboard.rds sauvegardé 
[2026-04-04 22:53:21] [INFO] Création de accidents_light.rds... 
[2026-04-04 22:53:22] [INFO] accidents_light : 454074 lignes × 30 colonnes — 95.3 MB RAM 
[2026-04-04 22:53:55] [INFO] accidents_light.rds sauvegardé 
[2026-04-04 22:53:55] [INFO] Création de filters.rds... 
[2026-04-04 22:53:56] [INFO] filters.rds : 99 départements, 8 années 
[2026-04-04 22:53:56] [INFO] === RAPPORT FINAL === 
[2026-04-04 22:53:56] [INFO] Années traitées     : 2015, 2016, 2017, 2018, 2019, 2020, 2021, 2024 
[2026-04-04 22:53:56] [INFO] Total accidents     : 454 074 
[2026-04-04 22:53:56] [INFO] accidents_dashboard : 84.9 MB RAM 
[2026-04-04 22:53:56] [INFO] accidents_light     : 95.3 MB RAM 
[2026-04-04 22:53:56] [INFO] Fichiers dans C:/Users/emman/Documents/mon_projet_rhino/CrashAlert/data_propre : 
[2026-04-04 22:53:56] [INFO]   accidents_dashboard.rds 
[2026-04-04 22:53:56] [INFO]   accidents_light.rds 
[2026-04-04 22:53:56] [INFO]   filters.rds 
[2026-04-04 22:53:56] [INFO] === 05_export.R — terminé === 
[2026-04-04 22:53:56] [INFO] 05_export terminé en 72.4s 
[2026-04-04 22:53:56] [INFO] Pipeline BAAC terminé — 454074 accidents consolidés 
