[2026-04-05 00:24:23] [INFO] Pipeline BAAC démarré — année cible : 2017 
[2026-04-05 00:24:23] [INFO] Dossier données : C:/Users/emman/Documents/mon_projet_rhino/CrashAlert/donnees 
[2026-04-05 00:24:23] [INFO] Dossier output  : C:/Users/emman/Documents/mon_projet_rhino/CrashAlert/data_pipeline 
[2026-04-05 00:24:23] [INFO] === 03_fusion.R — début === 
[2026-04-05 00:24:23] [INFO] Agrégation des usagers par accident... 
[2026-04-05 00:24:24] [INFO] gravite_par_accident : 60701 accidents agrégés 
[2026-04-05 00:24:24] [INFO] Distribution gravité : Grave=24071 | Léger=33270 | Mortel=3360 
[2026-04-05 00:24:24] [INFO] Calcul du profil usager dominant par accident... 
[2026-04-05 00:24:55] [INFO] profil_usager : 60701 accidents avec profil calculé 
[2026-04-05 00:24:55] [INFO] Calcul de la catégorie véhicule dominante par accident... 
[2026-04-05 00:25:02] [INFO] profil_vehicule : 60701 accidents avec catégorie calculée 
[2026-04-05 00:25:02] [INFO] Fusion des 4 tables au niveau accident... 
[2026-04-05 00:25:03] [INFO] Base fusionnée : 60701 accidents, 56 colonnes 
[2026-04-05 00:25:03] [INFO] Accidents sans données lieux    : 0 (0.0%) 
[2026-04-05 00:25:03] [INFO] Accidents sans gravité          : 0 (0.0%) 
[2026-04-05 00:25:03] [INFO] Accidents sans usagers          : 0 (0.0%) 
[2026-04-05 00:25:03] [INFO] Accidents sans catégorie véhic. : 0 (0.0%) 
[2026-04-05 00:25:03] [INFO] === 03_fusion.R — terminé === 
[2026-04-05 00:25:03] [INFO] === 04_enrichissement.R — début === 
[2026-04-05 00:25:03] [INFO] Création des variables temporelles... 
[2026-04-05 00:25:04] [INFO] Variables temporelles créées 
[2026-04-05 00:25:04] [INFO] Ajout des labels BAAC... 
[2026-04-05 00:25:05] [INFO] Labels ajoutés : lum_label, atm_label, col_label, catr_label, surf_label 
[2026-04-05 00:25:05] [INFO] Ajout des noms de département et région... 
[2026-04-05 00:25:05] [INFO] Région : 2088 accidents sans région (3.4%) 
[2026-04-05 00:25:05] [INFO] Régions distinctes : 14 
[2026-04-05 00:25:05] [INFO] Filtrage final... 
[2026-04-05 00:25:05] [INFO] Filtrage : 60701 → 60701 accidents (-0 supprimés) 
[2026-04-05 00:25:06] [INFO] === 04_enrichissement.R — terminé === 
