[2026-04-04 22:42:47] [INFO] Pipeline BAAC démarré — année cible : 2016 
[2026-04-04 22:42:47] [INFO] Dossier données : C:/Users/emman/Documents/mon_projet_rhino/CrashAlert/donnees 
[2026-04-04 22:42:47] [INFO] Dossier output  : C:/Users/emman/Documents/mon_projet_rhino/CrashAlert/data_pipeline 
[2026-04-04 22:42:47] [INFO] === 01_import.R — début === 
[2026-04-04 22:42:47] [INFO] Fichier 'caracteristiques' détecté : caracteristiques_2016.csv 
[2026-04-04 22:42:47] [INFO] Fichier 'lieux' détecté : lieux_2016.csv 
[2026-04-04 22:42:47] [INFO] Fichier 'usagers' détecté : usagers_2016.csv 
[2026-04-04 22:42:47] [INFO] Fichier 'vehicules' détecté : vehicules_2016.csv 
[2026-04-04 22:42:47] [INFO]   Lecture caracteristiques_2016.csv (séparateur ',') 
[2026-04-04 22:42:47] [INFO]   caracteristiques_2016.csv : 59432 lignes, 17 colonnes 
[2026-04-04 22:42:47] [INFO]   Lecture lieux_2016.csv (séparateur ',') 
[2026-04-04 22:42:47] [INFO]   lieux_2016.csv : 59432 lignes, 19 colonnes 
[2026-04-04 22:42:47] [INFO]   Lecture usagers_2016.csv (séparateur ',') 
[2026-04-04 22:42:47] [INFO]   usagers_2016.csv : 133422 lignes, 13 colonnes 
[2026-04-04 22:42:48] [INFO]   Lecture vehicules_2016.csv (séparateur ',') 
[2026-04-04 22:42:48] [INFO]   vehicules_2016.csv : 101924 lignes, 10 colonnes 
[2026-04-04 22:42:48] [INFO] --- Vérification des tables importées --- 
[2026-04-04 22:42:48] [INFO]   caracteristiques     : 59432 lignes | 59432 Num_Acc uniques | 0 NA sur clé 
[2026-04-04 22:42:48] [INFO]   lieux                : 59432 lignes | 59432 Num_Acc uniques | 0 NA sur clé 
[2026-04-04 22:42:48] [INFO]   usagers              : 133422 lignes | 59432 Num_Acc uniques | 0 NA sur clé 
[2026-04-04 22:42:48] [INFO]   vehicules            : 101924 lignes | 59432 Num_Acc uniques | 0 NA sur clé 
[2026-04-04 22:42:49] [INFO] === 01_import.R — terminé === 
[2026-04-04 22:42:49] [INFO] 01_import terminé en 2.5s 
[2026-04-04 22:42:49] [INFO] === 02_nettoyage.R — début === 
[2026-04-04 22:42:51] [INFO] Chaînes vides converties en NA sur les 4 tables 
[2026-04-04 22:42:51] [INFO] caracteristiques — années présentes : 2016 
[2026-04-04 22:42:51] [INFO] Types convertis pour lieux 
[2026-04-04 22:42:51] [INFO] Types convertis pour usagers 
[2026-04-04 22:42:52] [INFO] Types convertis pour vehicules 
[2026-04-04 22:42:52] [INFO] hrmn : 100% de valeurs valides 
[2026-04-04 22:42:52] [INFO] Coordonnées : 0% valides (plage France métropolitaine) 
[2026-04-04 22:42:52] [INFO] Département normalisé sur 2 caractères 
[2026-04-04 22:42:52] [INFO] Aucun doublon détecté dans lieux 
[2026-04-04 22:42:53] [INFO] Clés harmonisées en character sur les 4 tables 
[2026-04-04 22:42:53] [WARN] Variables avec > 10% NA dans 'caracteristiques' : 
[2026-04-04 22:42:53] [WARN]   lat                            : 21.6% 
[2026-04-04 22:42:53] [WARN]   long                           : 21.6% 
[2026-04-04 22:42:53] [WARN]   gps                            : 20.6% 
[2026-04-04 22:42:53] [WARN]   adr                            : 15.4% 
[2026-04-04 22:42:53] [WARN] Variables avec > 10% NA dans 'lieux' : 
[2026-04-04 22:42:53] [WARN]   v1                             : 99.2% 
[2026-04-04 22:42:53] [WARN]   v2                             : 96.6% 
[2026-04-04 22:42:53] [WARN]   pr1                            : 58.1% 
[2026-04-04 22:42:53] [WARN]   pr                             : 58% 
[2026-04-04 22:42:53] [WARN]   voie                           : 17.8% 
[2026-04-04 22:42:53] [INFO] 'usagers' : toutes les variables sous le seuil de 10% NA 
[2026-04-04 22:42:53] [INFO] 'vehicules' : toutes les variables sous le seuil de 10% NA 
[2026-04-04 22:42:55] [INFO] === 02_nettoyage.R — terminé === 
[2026-04-04 22:42:55] [INFO] 02_nettoyage terminé en 5.4s 
[2026-04-04 22:42:55] [INFO] === 03_fusion.R — début === 
[2026-04-04 22:42:55] [INFO] Agrégation des usagers par accident... 
[2026-04-04 22:42:56] [INFO] gravite_par_accident : 59432 accidents agrégés 
[2026-04-04 22:42:56] [INFO] Distribution gravité : Blessé hospitalisé=23175 | Blessé léger=32864 | Mortel=3393 
[2026-04-04 22:42:56] [INFO] Calcul du profil usager dominant par accident... 
[2026-04-04 22:43:32] [INFO] profil_usager : 59432 accidents avec profil calculé 
[2026-04-04 22:43:32] [INFO] Calcul de la catégorie véhicule dominante par accident... 
[2026-04-04 22:43:41] [INFO] profil_vehicule : 59432 accidents avec catégorie calculée 
[2026-04-04 22:43:41] [INFO] Fusion des 4 tables au niveau accident... 
[2026-04-04 22:43:42] [INFO] Base fusionnée : 59432 accidents, 56 colonnes 
[2026-04-04 22:43:42] [INFO] Accidents sans données lieux    : 0 (0.0%) 
[2026-04-04 22:43:42] [INFO] Accidents sans gravité          : 0 (0.0%) 
[2026-04-04 22:43:42] [INFO] Accidents sans usagers          : 0 (0.0%) 
[2026-04-04 22:43:42] [INFO] Accidents sans catégorie véhic. : 0 (0.0%) 
[2026-04-04 22:43:43] [INFO] === 03_fusion.R — terminé === 
[2026-04-04 22:43:43] [INFO] 03_fusion terminé en 48.0s 
[2026-04-04 22:43:43] [INFO] === 04_enrichissement.R — début === 
[2026-04-04 22:43:43] [INFO] Création des variables temporelles... 
[2026-04-04 22:43:44] [INFO] Variables temporelles créées 
[2026-04-04 22:43:44] [INFO] Ajout des labels BAAC... 
[2026-04-04 22:43:45] [INFO] Labels ajoutés : lum_label, atm_label, col_label, catr_label, surf_label 
[2026-04-04 22:43:45] [INFO] Ajout des noms de département et région... 
[2026-04-04 22:43:45] [INFO] Région : 1910 accidents sans région (3.2%) 
[2026-04-04 22:43:45] [INFO] Régions distinctes : 14 
[2026-04-04 22:43:45] [INFO] Filtrage final... 
[2026-04-04 22:43:45] [INFO] Filtrage : 59432 → 59432 accidents (-0 supprimés) 
[2026-04-04 22:43:46] [INFO] === 04_enrichissement.R — terminé === 
[2026-04-04 22:43:46] [INFO] 04_enrichissement terminé en 3.5s 
[2026-04-04 22:43:46] [INFO] === 05_export.R — début === 
[2026-04-04 22:43:46] [INFO] Sauvegarde archive année 2016... 
[2026-04-04 22:43:47] [INFO] Archive : 59432 accidents, 67 colonnes 
[2026-04-04 22:43:47] [INFO] Concaténation de toutes les années disponibles... 
[2026-04-04 22:43:47] [INFO] Archives trouvées : accidents_2015.rds, accidents_2016.rds, accidents_2024.rds 
[2026-04-04 22:43:48] [INFO]   Chargement accidents_2015.rds : 58654 lignes 
[2026-04-04 22:43:48] [INFO]   Chargement accidents_2016.rds : 59432 lignes 
[2026-04-04 22:43:49] [INFO]   Chargement accidents_2024.rds : 54402 lignes 
[2026-04-04 22:43:49] [INFO] Base consolidée : 172488 accidents sur 3 années 
[2026-04-04 22:43:49] [INFO] Création de accidents_dashboard.rds... 
[2026-04-04 22:43:49] [WARN] Colonnes absentes du dashboard : type_route 
[2026-04-04 22:43:49] [INFO] accidents_dashboard : 172488 lignes × 24 colonnes — 32.3 MB RAM 
[2026-04-04 22:44:00] [INFO] accidents_dashboard.rds sauvegardé 
[2026-04-04 22:44:00] [INFO] Création de accidents_light.rds... 
[2026-04-04 22:44:01] [INFO] accidents_light : 172488 lignes × 30 colonnes — 36.2 MB RAM 
[2026-04-04 22:44:12] [INFO] accidents_light.rds sauvegardé 
[2026-04-04 22:44:12] [INFO] Création de filters.rds... 
[2026-04-04 22:44:13] [INFO] filters.rds : 99 départements, 3 années 
[2026-04-04 22:44:13] [INFO] === RAPPORT FINAL === 
[2026-04-04 22:44:13] [INFO] Années traitées     : 2015, 2016, 2024 
[2026-04-04 22:44:13] [INFO] Total accidents     : 172 488 
[2026-04-04 22:44:13] [INFO] accidents_dashboard : 32.3 MB RAM 
[2026-04-04 22:44:13] [INFO] accidents_light     : 36.2 MB RAM 
[2026-04-04 22:44:13] [INFO] Fichiers dans C:/Users/emman/Documents/mon_projet_rhino/CrashAlert/data_propre : 
[2026-04-04 22:44:13] [INFO]   accidents_dashboard.rds 
[2026-04-04 22:44:13] [INFO]   accidents_light.rds 
[2026-04-04 22:44:13] [INFO]   filters.rds 
[2026-04-04 22:44:13] [INFO] === 05_export.R — terminé === 
[2026-04-04 22:44:13] [INFO] 05_export terminé en 26.8s 
[2026-04-04 22:44:13] [INFO] Pipeline BAAC terminé — 172488 accidents consolidés 
