[2026-04-05 00:27:19] [INFO] Pipeline BAAC démarré — année cible : 2021 
[2026-04-05 00:27:19] [INFO] Dossier données : C:/Users/emman/Documents/mon_projet_rhino/CrashAlert/donnees 
[2026-04-05 00:27:19] [INFO] Dossier output  : C:/Users/emman/Documents/mon_projet_rhino/CrashAlert/data_pipeline 
[2026-04-05 00:27:19] [INFO] === 03_fusion.R — début === 
[2026-04-05 00:27:19] [INFO] Agrégation des usagers par accident... 
[2026-04-05 00:27:20] [INFO] gravite_par_accident : 56518 accidents agrégés 
[2026-04-05 00:27:20] [INFO] Distribution gravité : Grave=16521 | Léger=36965 | Mortel=3032 
[2026-04-05 00:27:20] [INFO] Calcul du profil usager dominant par accident... 
[2026-04-05 00:27:58] [INFO] profil_usager : 56518 accidents avec profil calculé 
[2026-04-05 00:27:58] [INFO] Calcul de la catégorie véhicule dominante par accident... 
[2026-04-05 00:28:05] [INFO] profil_vehicule : 56518 accidents avec catégorie calculée 
[2026-04-05 00:28:05] [INFO] Fusion des 4 tables au niveau accident... 
[2026-04-05 00:28:05] [INFO] Base fusionnée : 56518 accidents, 55 colonnes 
[2026-04-05 00:28:05] [INFO] Accidents sans données lieux    : 0 (0.0%) 
[2026-04-05 00:28:05] [INFO] Accidents sans gravité          : 0 (0.0%) 
[2026-04-05 00:28:05] [INFO] Accidents sans usagers          : 0 (0.0%) 
[2026-04-05 00:28:05] [INFO] Accidents sans catégorie véhic. : 0 (0.0%) 
[2026-04-05 00:28:06] [INFO] === 03_fusion.R — terminé === 
[2026-04-05 00:28:06] [INFO] === 04_enrichissement.R — début === 
[2026-04-05 00:28:06] [INFO] Création des variables temporelles... 
[2026-04-05 00:28:07] [INFO] Variables temporelles créées 
[2026-04-05 00:28:07] [INFO] Ajout des labels BAAC... 
[2026-04-05 00:28:07] [INFO] Labels ajoutés : lum_label, atm_label, col_label, catr_label, surf_label 
[2026-04-05 00:28:07] [INFO] Ajout des noms de département et région... 
[2026-04-05 00:28:07] [INFO] Région : 2978 accidents sans région (5.3%) 
[2026-04-05 00:28:07] [INFO] Régions distinctes : 14 
[2026-04-05 00:28:07] [INFO] Filtrage final... 
[2026-04-05 00:28:07] [INFO] Filtrage : 56518 → 56518 accidents (-0 supprimés) 
[2026-04-05 00:28:08] [INFO] === 04_enrichissement.R — terminé === 
