[2026-04-05 00:30:30] [INFO] Pipeline BAAC démarré — année cible : 2024 
[2026-04-05 00:30:30] [INFO] Dossier données : C:/Users/emman/Documents/mon_projet_rhino/CrashAlert/donnees 
[2026-04-05 00:30:30] [INFO] Dossier output  : C:/Users/emman/Documents/mon_projet_rhino/CrashAlert/data_pipeline 
[2026-04-05 00:30:30] [INFO] === 05_export.R — début === 
[2026-04-05 00:30:30] [INFO] Sauvegarde archive année 2024... 
[2026-04-05 00:30:31] [INFO] Archive : 54402 accidents, 66 colonnes 
[2026-04-05 00:30:31] [INFO] Concaténation de toutes les années disponibles... 
[2026-04-05 00:30:31] [INFO] Archives trouvées : accidents_2015.rds, accidents_2016.rds, accidents_2017.rds, accidents_2018.rds, accidents_2019.rds, accidents_2020.rds, accidents_2021.rds, accidents_2022.rds, accidents_2023.rds, accidents_2024.rds 
[2026-04-05 00:30:31] [INFO]   Chargement accidents_2015.rds : 58654 lignes 
[2026-04-05 00:30:31] [INFO]   Chargement accidents_2016.rds : 59432 lignes 
[2026-04-05 00:30:32] [INFO]   Chargement accidents_2017.rds : 60701 lignes 
[2026-04-05 00:30:32] [INFO]   Chargement accidents_2018.rds : 57783 lignes 
[2026-04-05 00:30:32] [INFO]   Chargement accidents_2019.rds : 58840 lignes 
[2026-04-05 00:30:33] [INFO]   Chargement accidents_2020.rds : 47744 lignes 
[2026-04-05 00:30:33] [INFO]   Chargement accidents_2021.rds : 56518 lignes 
[2026-04-05 00:30:33] [INFO]   Chargement accidents_2022.rds : 55302 lignes 
[2026-04-05 00:30:34] [INFO]   Chargement accidents_2023.rds : 54822 lignes 
[2026-04-05 00:30:34] [INFO]   Chargement accidents_2024.rds : 54402 lignes 
[2026-04-05 00:30:35] [INFO] Base consolidée : 564198 accidents sur 10 années 
[2026-04-05 00:30:35] [INFO] Création de accidents_dashboard.rds... 
[2026-04-05 00:30:35] [WARN] Colonnes absentes du dashboard : type_route 
[2026-04-05 00:30:35] [INFO] accidents_dashboard : 564198 lignes × 24 colonnes — 105.5 MB RAM 
[2026-04-05 00:31:04] [INFO] accidents_dashboard.rds sauvegardé 
[2026-04-05 00:31:04] [INFO] Création de accidents_light.rds... 
[2026-04-05 00:31:05] [INFO] accidents_light : 564198 lignes × 30 colonnes — 118.4 MB RAM 
[2026-04-05 00:31:39] [INFO] accidents_light.rds sauvegardé 
[2026-04-05 00:31:39] [INFO] Création de filters.rds... 
[2026-04-05 00:31:40] [INFO] filters.rds : 99 départements, 10 années 
[2026-04-05 00:31:40] [INFO] === RAPPORT FINAL === 
[2026-04-05 00:31:40] [INFO] Années traitées     : 2015, 2016, 2017, 2018, 2019, 2020, 2021, 2022, 2023, 2024 
[2026-04-05 00:31:40] [INFO] Total accidents     : 564 198 
[2026-04-05 00:31:40] [INFO] accidents_dashboard : 105.5 MB RAM 
[2026-04-05 00:31:40] [INFO] accidents_light     : 118.4 MB RAM 
[2026-04-05 00:31:40] [INFO] Fichiers dans C:/Users/emman/Documents/mon_projet_rhino/CrashAlert/data_propre : 
[2026-04-05 00:31:40] [INFO]   accidents_dashboard.rds 
[2026-04-05 00:31:40] [INFO]   accidents_light.rds 
[2026-04-05 00:31:40] [INFO]   filters.rds 
[2026-04-05 00:31:40] [INFO] === 05_export.R — terminé === 
