[2026-04-05 00:22:54] [INFO] Pipeline BAAC démarré — année cible : 2015 
[2026-04-05 00:22:54] [INFO] Dossier données : C:/Users/emman/Documents/mon_projet_rhino/CrashAlert/donnees 
[2026-04-05 00:22:54] [INFO] Dossier output  : C:/Users/emman/Documents/mon_projet_rhino/CrashAlert/data_pipeline 
[2026-04-05 00:22:54] [INFO] === 03_fusion.R — début === 
[2026-04-05 00:22:54] [INFO] Agrégation des usagers par accident... 
[2026-04-05 00:22:56] [INFO] gravite_par_accident : 58654 accidents agrégés 
[2026-04-05 00:22:56] [INFO] Distribution gravité : Grave=22864 | Léger=32484 | Mortel=3306 
[2026-04-05 00:22:56] [INFO] Calcul du profil usager dominant par accident... 
[2026-04-05 00:23:31] [INFO] profil_usager : 58654 accidents avec profil calculé 
[2026-04-05 00:23:31] [INFO] Calcul de la catégorie véhicule dominante par accident... 
[2026-04-05 00:23:38] [INFO] profil_vehicule : 58654 accidents avec catégorie calculée 
[2026-04-05 00:23:38] [INFO] Fusion des 4 tables au niveau accident... 
[2026-04-05 00:23:38] [INFO] Base fusionnée : 58654 accidents, 56 colonnes 
[2026-04-05 00:23:38] [INFO] Accidents sans données lieux    : 0 (0.0%) 
[2026-04-05 00:23:38] [INFO] Accidents sans gravité          : 0 (0.0%) 
[2026-04-05 00:23:38] [INFO] Accidents sans usagers          : 0 (0.0%) 
[2026-04-05 00:23:38] [INFO] Accidents sans catégorie véhic. : 0 (0.0%) 
[2026-04-05 00:23:39] [INFO] === 03_fusion.R — terminé === 
[2026-04-05 00:23:39] [INFO] === 04_enrichissement.R — début === 
[2026-04-05 00:23:39] [INFO] Création des variables temporelles... 
[2026-04-05 00:23:39] [INFO] Variables temporelles créées 
[2026-04-05 00:23:39] [INFO] Ajout des labels BAAC... 
[2026-04-05 00:23:40] [INFO] Labels ajoutés : lum_label, atm_label, col_label, catr_label, surf_label 
[2026-04-05 00:23:40] [INFO] Ajout des noms de département et région... 
[2026-04-05 00:23:40] [INFO] Région : 2051 accidents sans région (3.5%) 
[2026-04-05 00:23:40] [INFO] Régions distinctes : 14 
[2026-04-05 00:23:40] [INFO] Filtrage final... 
[2026-04-05 00:23:40] [INFO] Filtrage : 58654 → 58654 accidents (-0 supprimés) 
[2026-04-05 00:23:41] [INFO] === 04_enrichissement.R — terminé === 
