[2026-04-04 22:49:33] [INFO] Pipeline BAAC démarré — année cible : 2020 
[2026-04-04 22:49:33] [INFO] Dossier données : C:/Users/emman/Documents/mon_projet_rhino/CrashAlert/donnees 
[2026-04-04 22:49:33] [INFO] Dossier output  : C:/Users/emman/Documents/mon_projet_rhino/CrashAlert/data_pipeline 
[2026-04-04 22:49:33] [INFO] === 01_import.R — début === 
[2026-04-04 22:49:33] [INFO] Fichier 'caracteristiques' détecté : caracteristiques_2020.csv 
[2026-04-04 22:49:33] [INFO] Fichier 'lieux' détecté : lieux_2020.csv 
[2026-04-04 22:49:33] [INFO] Fichier 'usagers' détecté : usagers_2020.csv 
[2026-04-04 22:49:33] [INFO] Fichier 'vehicules' détecté : vehicules_2020.csv 
[2026-04-04 22:49:33] [INFO]   Lecture caracteristiques_2020.csv (séparateur ';') 
[2026-04-04 22:49:34] [INFO]   caracteristiques_2020.csv : 47744 lignes, 16 colonnes 
[2026-04-04 22:49:34] [INFO]   Lecture lieux_2020.csv (séparateur ';') 
[2026-04-04 22:49:34] [INFO]   lieux_2020.csv : 47744 lignes, 19 colonnes 
[2026-04-04 22:49:34] [INFO]   Lecture usagers_2020.csv (séparateur ';') 
[2026-04-04 22:49:34] [INFO]   usagers_2020.csv : 105295 lignes, 16 colonnes 
[2026-04-04 22:49:34] [INFO]   Lecture vehicules_2020.csv (séparateur ';') 
[2026-04-04 22:49:34] [INFO]   vehicules_2020.csv : 81066 lignes, 12 colonnes 
[2026-04-04 22:49:34] [INFO] --- Vérification des tables importées --- 
[2026-04-04 22:49:34] [INFO]   caracteristiques     : 47744 lignes | 47744 Num_Acc uniques | 0 NA sur clé 
[2026-04-04 22:49:34] [INFO]   lieux                : 47744 lignes | 47744 Num_Acc uniques | 0 NA sur clé 
[2026-04-04 22:49:34] [INFO]   usagers              : 105295 lignes | 47744 Num_Acc uniques | 0 NA sur clé 
[2026-04-04 22:49:34] [INFO]   vehicules            : 81066 lignes | 47744 Num_Acc uniques | 0 NA sur clé 
[2026-04-04 22:49:36] [INFO] === 01_import.R — terminé === 
[2026-04-04 22:49:36] [INFO] 01_import terminé en 2.4s 
[2026-04-04 22:49:36] [INFO] === 02_nettoyage.R — début === 
[2026-04-04 22:49:38] [INFO] Chaînes vides converties en NA sur les 4 tables 
[2026-04-04 22:49:38] [INFO] caracteristiques — années présentes : 2020 
[2026-04-04 22:49:38] [INFO] Types convertis pour lieux 
[2026-04-04 22:49:38] [INFO] Types convertis pour usagers 
[2026-04-04 22:49:38] [INFO] Types convertis pour vehicules 
[2026-04-04 22:49:38] [INFO] hrmn : 100% de valeurs valides 
[2026-04-04 22:49:39] [INFO] Coordonnées : 94.5% valides (plage France métropolitaine) 
[2026-04-04 22:49:39] [INFO] Département normalisé sur 2 caractères 
[2026-04-04 22:49:39] [INFO] Aucun doublon détecté dans lieux 
[2026-04-04 22:49:39] [INFO] Clés harmonisées en character sur les 4 tables 
[2026-04-04 22:49:40] [INFO] 'caracteristiques' : toutes les variables sous le seuil de 10% NA 
[2026-04-04 22:49:40] [WARN] Variables avec > 10% NA dans 'lieux' : 
[2026-04-04 22:49:40] [WARN]   lartpc                         : 99.7% 
[2026-04-04 22:49:40] [INFO] 'usagers' : toutes les variables sous le seuil de 10% NA 
[2026-04-04 22:49:40] [WARN] Variables avec > 10% NA dans 'vehicules' : 
[2026-04-04 22:49:40] [WARN]   occutc                         : 99.2% 
[2026-04-04 22:49:41] [INFO] === 02_nettoyage.R — terminé === 
[2026-04-04 22:49:41] [INFO] 02_nettoyage terminé en 5.4s 
[2026-04-04 22:49:41] [INFO] === 03_fusion.R — début === 
[2026-04-04 22:49:41] [INFO] Agrégation des usagers par accident... 
[2026-04-04 22:49:42] [INFO] gravite_par_accident : 47744 accidents agrégés 
[2026-04-04 22:49:42] [INFO] Distribution gravité : Blessé hospitalisé=14615 | Blessé léger=30513 | Mortel=2616 
[2026-04-04 22:49:42] [INFO] Calcul du profil usager dominant par accident... 
[2026-04-04 22:50:24] [INFO] profil_usager : 47744 accidents avec profil calculé 
[2026-04-04 22:50:24] [INFO] Calcul de la catégorie véhicule dominante par accident... 
[2026-04-04 22:50:33] [INFO] profil_vehicule : 47744 accidents avec catégorie calculée 
[2026-04-04 22:50:33] [INFO] Fusion des 4 tables au niveau accident... 
[2026-04-04 22:50:33] [INFO] Base fusionnée : 47744 accidents, 55 colonnes 
[2026-04-04 22:50:33] [INFO] Accidents sans données lieux    : 0 (0.0%) 
[2026-04-04 22:50:33] [INFO] Accidents sans gravité          : 0 (0.0%) 
[2026-04-04 22:50:33] [INFO] Accidents sans usagers          : 0 (0.0%) 
[2026-04-04 22:50:33] [INFO] Accidents sans catégorie véhic. : 0 (0.0%) 
[2026-04-04 22:50:34] [INFO] === 03_fusion.R — terminé === 
[2026-04-04 22:50:34] [INFO] 03_fusion terminé en 52.5s 
[2026-04-04 22:50:34] [INFO] === 04_enrichissement.R — début === 
[2026-04-04 22:50:34] [INFO] Création des variables temporelles... 
[2026-04-04 22:50:35] [INFO] Variables temporelles créées 
[2026-04-04 22:50:35] [INFO] Ajout des labels BAAC... 
[2026-04-04 22:50:35] [INFO] Labels ajoutés : lum_label, atm_label, col_label, catr_label, surf_label 
[2026-04-04 22:50:35] [INFO] Ajout des noms de département et région... 
[2026-04-04 22:50:35] [INFO] Région : 2623 accidents sans région (5.5%) 
[2026-04-04 22:50:35] [INFO] Régions distinctes : 14 
[2026-04-04 22:50:35] [INFO] Filtrage final... 
[2026-04-04 22:50:35] [INFO] Filtrage : 47744 → 47744 accidents (-0 supprimés) 
[2026-04-04 22:50:36] [INFO] === 04_enrichissement.R — terminé === 
[2026-04-04 22:50:36] [INFO] 04_enrichissement terminé en 2.5s 
[2026-04-04 22:50:36] [INFO] === 05_export.R — début === 
[2026-04-04 22:50:36] [INFO] Sauvegarde archive année 2020... 
[2026-04-04 22:50:37] [INFO] Archive : 47744 accidents, 66 colonnes 
[2026-04-04 22:50:37] [INFO] Concaténation de toutes les années disponibles... 
[2026-04-04 22:50:37] [INFO] Archives trouvées : accidents_2015.rds, accidents_2016.rds, accidents_2017.rds, accidents_2018.rds, accidents_2019.rds, accidents_2020.rds, accidents_2024.rds 
[2026-04-04 22:50:38] [INFO]   Chargement accidents_2015.rds : 58654 lignes 
[2026-04-04 22:50:38] [INFO]   Chargement accidents_2016.rds : 59432 lignes 
[2026-04-04 22:50:39] [INFO]   Chargement accidents_2017.rds : 60701 lignes 
[2026-04-04 22:50:39] [INFO]   Chargement accidents_2018.rds : 57783 lignes 
[2026-04-04 22:50:40] [INFO]   Chargement accidents_2019.rds : 58840 lignes 
[2026-04-04 22:50:40] [INFO]   Chargement accidents_2020.rds : 47744 lignes 
[2026-04-04 22:50:41] [INFO]   Chargement accidents_2024.rds : 54402 lignes 
[2026-04-04 22:50:41] [INFO] Base consolidée : 397556 accidents sur 7 années 
[2026-04-04 22:50:41] [INFO] Création de accidents_dashboard.rds... 
[2026-04-04 22:50:41] [WARN] Colonnes absentes du dashboard : type_route 
[2026-04-04 22:50:41] [INFO] accidents_dashboard : 397556 lignes × 24 colonnes — 74.3 MB RAM 
[2026-04-04 22:51:05] [INFO] accidents_dashboard.rds sauvegardé 
[2026-04-04 22:51:05] [INFO] Création de accidents_light.rds... 
[2026-04-04 22:51:05] [INFO] accidents_light : 397556 lignes × 30 colonnes — 83.4 MB RAM 
[2026-04-04 22:51:33] [INFO] accidents_light.rds sauvegardé 
[2026-04-04 22:51:33] [INFO] Création de filters.rds... 
[2026-04-04 22:51:33] [INFO] filters.rds : 99 départements, 7 années 
[2026-04-04 22:51:33] [INFO] === RAPPORT FINAL === 
[2026-04-04 22:51:33] [INFO] Années traitées     : 2015, 2016, 2017, 2018, 2019, 2020, 2024 
[2026-04-04 22:51:33] [INFO] Total accidents     : 397 556 
[2026-04-04 22:51:33] [INFO] accidents_dashboard : 74.3 MB RAM 
[2026-04-04 22:51:33] [INFO] accidents_light     : 83.4 MB RAM 
[2026-04-04 22:51:33] [INFO] Fichiers dans C:/Users/emman/Documents/mon_projet_rhino/CrashAlert/data_propre : 
[2026-04-04 22:51:33] [INFO]   accidents_dashboard.rds 
[2026-04-04 22:51:33] [INFO]   accidents_light.rds 
[2026-04-04 22:51:33] [INFO]   filters.rds 
[2026-04-04 22:51:33] [INFO] === 05_export.R — terminé === 
[2026-04-04 22:51:33] [INFO] 05_export terminé en 57.2s 
[2026-04-04 22:51:33] [INFO] Pipeline BAAC terminé — 397556 accidents consolidés 
